j:\graduation\minimap2-master\release\vc141.pdb
j:\graduation\minimap2-master\release\index.obj
j:\graduation\minimap2-master\release\example.obj
j:\graduation\minimap2-master\release\bseq.obj
j:\graduation\minimap2-master\release\pe.obj
j:\graduation\minimap2-master\release\options.obj
j:\graduation\minimap2-master\release\misc.obj
j:\graduation\minimap2-master\release\map.obj
j:\graduation\minimap2-master\release\main.obj
j:\graduation\minimap2-master\release\ksw2_ll_sse.obj
j:\graduation\minimap2-master\release\ksw2_extz2_sse.obj
j:\graduation\minimap2-master\release\ksw2_exts2_sse.obj
j:\graduation\minimap2-master\release\ksw2_extd2_sse.obj
j:\graduation\minimap2-master\release\ksw2_dispatch.obj
j:\graduation\minimap2-master\release\kalloc.obj
j:\graduation\minimap2-master\release\hit.obj
j:\graduation\minimap2-master\release\format.obj
j:\graduation\minimap2-master\release\esterr.obj
j:\graduation\minimap2-master\release\chain.obj
j:\graduation\minimap2-master\release\align.obj
j:\graduation\minimap2-master\release\splitidx.obj
j:\graduation\minimap2-master\release\sketch.obj
j:\graduation\minimap2-master\release\sdust.obj
j:\graduation\minimap2-master\release\kthread.obj
j:\graduation\minimap2-master\release\minimap2.pdb
j:\graduation\minimap2-master\release\minimap2.tlog\cl.read.1.tlog
j:\graduation\minimap2-master\release\minimap2.tlog\cl.write.1.tlog
j:\graduation\minimap2-master\release\minimap2.tlog\cl.command.1.tlog
j:\graduation\minimap2-master\release\minimap2.tlog\link-rc.read.1.tlog
j:\graduation\minimap2-master\release\minimap2.tlog\link-rc.write.1.tlog
j:\graduation\minimap2-master\release\minimap2.tlog\link-cvtres.read.1.tlog
j:\graduation\minimap2-master\release\minimap2.tlog\link-cvtres.write.1.tlog
j:\graduation\minimap2-master\release\minimap2.tlog\link.read.1.tlog
j:\graduation\minimap2-master\release\minimap2.tlog\link.write.1.tlog
j:\graduation\minimap2-master\release\minimap2.tlog\link.command.1.tlog
