  align.c
j:\graduation\minimap2-master\ksw2.h(170): warning C4018: “>”: 有符号/无符号不匹配
j:\graduation\minimap2-master\align.c(372): warning C4244: “初始化”: 从“uint64_t”转换到“int”，可能丢失数据
j:\graduation\minimap2-master\align.c(378): warning C4244: “初始化”: 从“uint64_t”转换到“int”，可能丢失数据
j:\graduation\minimap2-master\align.c(902): warning C4244: “函数”: 从“const int64_t”转换到“int”，可能丢失数据
  bseq.c
j:\graduation\minimap2-master\bseq.c(9): warning C4003: “__KSEQ_READ”宏的实参不足
  chain.c
j:\graduation\minimap2-master\chain.c(35): warning C4244: “函数”: 从“int64_t”转换到“size_t”，可能丢失数据
j:\graduation\minimap2-master\chain.c(36): warning C4244: “函数”: 从“int64_t”转换到“size_t”，可能丢失数据
j:\graduation\minimap2-master\chain.c(37): warning C4244: “函数”: 从“int64_t”转换到“size_t”，可能丢失数据
j:\graduation\minimap2-master\chain.c(38): warning C4244: “函数”: 从“int64_t”转换到“size_t”，可能丢失数据
j:\graduation\minimap2-master\chain.c(39): warning C4244: “函数”: 从“int64_t”转换到“size_t”，可能丢失数据
j:\graduation\minimap2-master\chain.c(59): warning C4244: “=”: 从“int64_t”转换到“int32_t”，可能丢失数据
j:\graduation\minimap2-master\chain.c(62): warning C4244: “=”: 从“int64_t”转换到“int32_t”，可能丢失数据
j:\graduation\minimap2-master\chain.c(63): warning C4244: “=”: 从“int64_t”转换到“int32_t”，可能丢失数据
j:\graduation\minimap2-master\chain.c(83): warning C4244: “=”: 从“int64_t”转换到“int32_t”，可能丢失数据
j:\graduation\minimap2-master\chain.c(85): warning C4244: “=”: 从“int64_t”转换到“int32_t”，可能丢失数据
j:\graduation\minimap2-master\chain.c(90): warning C4244: “函数”: 从“int64_t”转换到“size_t”，可能丢失数据
j:\graduation\minimap2-master\chain.c(116): warning C4244: “函数”: 从“int64_t”转换到“size_t”，可能丢失数据
j:\graduation\minimap2-master\chain.c(121): warning C4244: “=”: 从“int64_t”转换到“int32_t”，可能丢失数据
  esterr.c
  example.c
  format.c
j:\graduation\minimap2-master\format.c(272): warning C4018: “<”: 有符号/无符号不匹配
j:\graduation\minimap2-master\format.c(446): warning C4018: “>”: 有符号/无符号不匹配
  hit.c
j:\graduation\minimap2-master\hit.c(341): warning C4244: “=”: 从“uint64_t”转换到“int”，可能丢失数据
j:\graduation\minimap2-master\hit.c(342): warning C4244: “=”: 从“uint64_t”转换到“int”，可能丢失数据
j:\graduation\minimap2-master\hit.c(498): warning C4244: “函数”: 从“int32_t”转换到“float”，可能丢失数据
j:\graduation\minimap2-master\hit.c(501): warning C4244: “函数”: 从“int”转换到“float”，可能丢失数据
  index.c
j:\graduation\minimap2-master\index.c(20): warning C4244: “=”: 从“uint64_t”转换到“khint_t”，可能丢失数据
j:\graduation\minimap2-master\index.c(305): warning C4244: “函数”: 从“uint64_t”转换到“size_t”，可能丢失数据
j:\graduation\minimap2-master\index.c(306): warning C4244: “函数”: 从“uint64_t”转换到“size_t”，可能丢失数据
j:\graduation\minimap2-master\index.c(359): warning C4244: “=”: 从“uint64_t”转换到“int”，可能丢失数据
j:\graduation\minimap2-master\index.c(403): warning C4244: “函数”: 从“uint64_t”转换到“size_t”，可能丢失数据
j:\graduation\minimap2-master\index.c(460): warning C4018: “<”: 有符号/无符号不匹配
j:\graduation\minimap2-master\index.c(477): warning C4244: “函数”: 从“uint64_t”转换到“size_t”，可能丢失数据
j:\graduation\minimap2-master\index.c(450): warning C4267: “初始化”: 从“size_t”转换到“uint8_t”，可能丢失数据
j:\graduation\minimap2-master\index.c(508): warning C4018: “<”: 有符号/无符号不匹配
j:\graduation\minimap2-master\index.c(530): warning C4244: “函数”: 从“uint64_t”转换到“size_t”，可能丢失数据
j:\graduation\minimap2-master\index.c(531): warning C4244: “函数”: 从“uint64_t”转换到“size_t”，可能丢失数据
j:\graduation\minimap2-master\index.c(543): warning C4996: 'open': The POSIX name for this item is deprecated. Instead, use the ISO C and C++ conformant name: _open. See online help for details.
  c:\program files (x86)\windows kits\10\include\10.0.17134.0\ucrt\corecrt_io.h(516): note: 参见“open”的声明
j:\graduation\minimap2-master\index.c(552): warning C4996: 'read': The POSIX name for this item is deprecated. Instead, use the ISO C and C++ conformant name: _read. See online help for details.
  c:\program files (x86)\windows kits\10\include\10.0.17134.0\ucrt\corecrt_io.h(523): note: 参见“read”的声明
j:\graduation\minimap2-master\index.c(556): warning C4996: 'close': The POSIX name for this item is deprecated. Instead, use the ISO C and C++ conformant name: _close. See online help for details.
  c:\program files (x86)\windows kits\10\include\10.0.17134.0\ucrt\corecrt_io.h(459): note: 参见“close”的声明
j:\graduation\minimap2-master\index.c(567): warning C4244: “=”: 从“int64_t”转换到“int”，可能丢失数据
j:\graduation\minimap2-master\index.c(594): warning C4244: “函数”: 从“int64_t”转换到“int”，可能丢失数据
j:\graduation\minimap2-master\index.c(619): warning C4996: 'fileno': The POSIX name for this item is deprecated. Instead, use the ISO C and C++ conformant name: _fileno. See online help for details.
  c:\program files (x86)\windows kits\10\include\10.0.17134.0\ucrt\stdio.h(2459): note: 参见“fileno”的声明
j:\graduation\minimap2-master\index.c(647): warning C4996: 'fileno': The POSIX name for this item is deprecated. Instead, use the ISO C and C++ conformant name: _fileno. See online help for details.
  c:\program files (x86)\windows kits\10\include\10.0.17134.0\ucrt\stdio.h(2459): note: 参见“fileno”的声明
j:\graduation\minimap2-master\index.c(725): warning C4018: “<”: 有符号/无符号不匹配
j:\graduation\minimap2-master\index.c(735): warning C4018: “>=”: 有符号/无符号不匹配
  kalloc.c
  ksw2_dispatch.c
  ksw2_extd2_sse.c
j:\graduation\minimap2-master\ksw2.h(170): warning C4018: “>”: 有符号/无符号不匹配
  ksw2_exts2_sse.c
j:\graduation\minimap2-master\ksw2.h(170): warning C4018: “>”: 有符号/无符号不匹配
  ksw2_extz2_sse.c
j:\graduation\minimap2-master\ksw2.h(170): warning C4018: “>”: 有符号/无符号不匹配
  ksw2_ll_sse.c
j:\graduation\minimap2-master\ksw2.h(170): warning C4018: “>”: 有符号/无符号不匹配
  kthread.c
  main.c
j:\graduation\minimap2-master\main.c(154): warning C4244: “=”: 从“double”转换到“float”，可能丢失数据
j:\graduation\minimap2-master\main.c(155): warning C4244: “=”: 从“double”转换到“float”，可能丢失数据
j:\graduation\minimap2-master\main.c(203): warning C4244: “=”: 从“double”转换到“float”，可能丢失数据
j:\graduation\minimap2-master\main.c(206): warning C4244: “=”: 从“double”转换到“float”，可能丢失数据
j:\graduation\minimap2-master\main.c(214): warning C4244: “=”: 从“int64_t”转换到“int”，可能丢失数据
j:\graduation\minimap2-master\main.c(218): warning C4244: “=”: 从“double”转换到“float”，可能丢失数据
j:\graduation\minimap2-master\main.c(220): warning C4244: “=”: 从“double”转换到“float”，可能丢失数据
j:\graduation\minimap2-master\main.c(221): warning C4244: “=”: 从“int64_t”转换到“int”，可能丢失数据
j:\graduation\minimap2-master\main.c(254): warning C4244: “=”: 从“double”转换到“float”，可能丢失数据
  map.c
j:\graduation\minimap2-master\map.c(160): warning C4244: “函数”: 从“int64_t”转换到“size_t”，可能丢失数据
j:\graduation\minimap2-master\map.c(175): warning C4244: “函数”: 从“const int64_t”转换到“int”，可能丢失数据
j:\graduation\minimap2-master\map.c(209): warning C4244: “函数”: 从“int64_t”转换到“size_t”，可能丢失数据
j:\graduation\minimap2-master\map.c(222): warning C4244: “函数”: 从“int64_t”转换到“size_t”，可能丢失数据
j:\graduation\minimap2-master\map.c(230): warning C4244: “函数”: 从“const int64_t”转换到“int”，可能丢失数据
j:\graduation\minimap2-master\map.c(593): warning C4244: “函数”: 从“const int64_t”转换到“int”，可能丢失数据
j:\graduation\minimap2-master\map.c(595): warning C4244: “函数”: 从“const int64_t”转换到“int”，可能丢失数据
j:\graduation\minimap2-master\map.c(600): warning C4244: “函数”: 从“const int64_t”转换到“int”，可能丢失数据
j:\graduation\minimap2-master\map.c(602): warning C4244: “函数”: 从“const int64_t”转换到“int”，可能丢失数据
  misc.c
  options.c
  pe.c
j:\graduation\minimap2-master\pe.c(159): warning C4244: “函数”: 从“int”转换到“float”，可能丢失数据
j:\graduation\minimap2-master\pe.c(162): warning C4018: “<”: 有符号/无符号不匹配
j:\graduation\minimap2-master\pe.c(163): warning C4018: “<”: 有符号/无符号不匹配
  正在生成代码...
j:\graduation\minimap2-master\kthread.c(128): warning C4716: “ktp_worker”: 必须返回一个值
j:\graduation\minimap2-master\kthread.c(52): warning C4716: “ktf_worker”: 必须返回一个值
  正在编译...
  sdust.c
j:\graduation\minimap2-master\sdust.c(21): warning C4244: “return”: 从“uint64_t”转换到“int”，可能丢失数据
j:\graduation\minimap2-master\sdust.c(21): warning C4244: “函数”: 从“uint64_t”转换到“size_t”，可能丢失数据
j:\graduation\minimap2-master\sdust.c(21): warning C4244: “函数”: 从“uint64_t”转换到“int”，可能丢失数据
j:\graduation\minimap2-master\sdust.c(115): warning C4244: “=”: 从“const uint64_t”转换到“int”，可能丢失数据
j:\graduation\minimap2-master\sdust.c(127): warning C4244: “=”: 从“const uint64_t”转换到“int”，可能丢失数据
  sketch.c
  splitidx.c
  正在生成代码...
LINK : warning LNK4075: 忽略“/INCREMENTAL”(由于“/OPT:ICF”规范)
align.obj : error LNK2019: 无法解析的外部符号 _ksw_extz2_sse，该符号在函数 _mm_align_pair 中被引用
align.obj : error LNK2019: 无法解析的外部符号 _ksw_extd2_sse，该符号在函数 _mm_align_pair 中被引用
align.obj : error LNK2019: 无法解析的外部符号 _ksw_exts2_sse，该符号在函数 _mm_align_pair 中被引用
bseq.obj : error LNK2019: 无法解析的外部符号 _gzdopen，该符号在函数 _mm_bseq_open 中被引用
index.obj : error LNK2001: 无法解析的外部符号 _gzdopen
bseq.obj : error LNK2019: 无法解析的外部符号 _gzread，该符号在函数 _ks_getuntil2 中被引用
bseq.obj : error LNK2019: 无法解析的外部符号 _gzclose，该符号在函数 _mm_bseq_close 中被引用
index.obj : error LNK2001: 无法解析的外部符号 _gzclose
bseq.obj : error LNK2019: 无法解析的外部符号 _gzopen，该符号在函数 _mm_bseq_open 中被引用
index.obj : error LNK2001: 无法解析的外部符号 _gzopen
kthread.obj : error LNK2019: 无法解析的外部符号 __imp__pthread_create，该符号在函数 _kt_for 中被引用
kthread.obj : error LNK2019: 无法解析的外部符号 __imp__pthread_exit，该符号在函数 _ktf_worker 中被引用
kthread.obj : error LNK2019: 无法解析的外部符号 __imp__pthread_join，该符号在函数 _kt_for 中被引用
kthread.obj : error LNK2019: 无法解析的外部符号 __imp__pthread_mutex_init，该符号在函数 _kt_pipeline 中被引用
kthread.obj : error LNK2019: 无法解析的外部符号 __imp__pthread_mutex_destroy，该符号在函数 _kt_pipeline 中被引用
kthread.obj : error LNK2019: 无法解析的外部符号 __imp__pthread_mutex_lock，该符号在函数 _ktp_worker 中被引用
kthread.obj : error LNK2019: 无法解析的外部符号 __imp__pthread_mutex_unlock，该符号在函数 _ktp_worker 中被引用
kthread.obj : error LNK2019: 无法解析的外部符号 __imp__pthread_cond_init，该符号在函数 _kt_pipeline 中被引用
kthread.obj : error LNK2019: 无法解析的外部符号 __imp__pthread_cond_destroy，该符号在函数 _kt_pipeline 中被引用
kthread.obj : error LNK2019: 无法解析的外部符号 __imp__pthread_cond_wait，该符号在函数 _ktp_worker 中被引用
kthread.obj : error LNK2019: 无法解析的外部符号 __imp__pthread_cond_broadcast，该符号在函数 _ktp_worker 中被引用
MSVCRT.lib(exe_winmain.obj) : error LNK2019: 无法解析的外部符号 _WinMain@16，该符号在函数 "int __cdecl __scrt_common_main_seh(void)" (?__scrt_common_main_seh@@YAHXZ) 中被引用
J:\Graduation\minimap2-master\Release\minimap2.exe : fatal error LNK1120: 19 个无法解析的外部命令
