j:\graduation\minimap2-master\x64\release\vc141.pdb
j:\graduation\minimap2-master\x64\release\pe.obj
j:\graduation\minimap2-master\x64\release\options.obj
j:\graduation\minimap2-master\x64\release\misc.obj
j:\graduation\minimap2-master\x64\release\map.obj
j:\graduation\minimap2-master\x64\release\main.obj
j:\graduation\minimap2-master\x64\release\kthread.obj
j:\graduation\minimap2-master\x64\release\ksw2_ll_sse.obj
j:\graduation\minimap2-master\x64\release\ksw2_extz2_sse.obj
j:\graduation\minimap2-master\x64\release\ksw2_exts2_sse.obj
j:\graduation\minimap2-master\x64\release\ksw2_extd2_sse.obj
j:\graduation\minimap2-master\x64\release\ksw2_dispatch.obj
j:\graduation\minimap2-master\x64\release\kalloc.obj
j:\graduation\minimap2-master\x64\release\hit.obj
j:\graduation\minimap2-master\x64\release\format.obj
j:\graduation\minimap2-master\x64\release\example.obj
j:\graduation\minimap2-master\x64\release\esterr.obj
j:\graduation\minimap2-master\x64\release\chain.obj
j:\graduation\minimap2-master\x64\release\align.obj
j:\graduation\minimap2-master\x64\release\splitidx.obj
j:\graduation\minimap2-master\x64\release\sketch.obj
j:\graduation\minimap2-master\x64\release\sdust.obj
j:\graduation\minimap2-master\x64\release\minimap2.tlog\cl.read.1.tlog
j:\graduation\minimap2-master\x64\release\minimap2.tlog\cl.write.1.tlog
j:\graduation\minimap2-master\x64\release\minimap2.tlog\cl.command.1.tlog
